\BOOKMARK [1][-]{section.1}{\376\377\000E\000i\000n\000f\000\374\000h\000r\000u\000n\000g}{}% 1
\BOOKMARK [2][-]{subsection.1.1}{\376\377\000P\000r\000o\000j\000e\000k\000t\000z\000i\000e\000l}{section.1}% 2
\BOOKMARK [2][-]{subsection.1.2}{\376\377\000\334\000b\000e\000r\000b\000l\000i\000c\000k}{section.1}% 3
\BOOKMARK [1][-]{section.2}{\376\377\000B\000e\000n\000u\000t\000z\000e\000r\000o\000b\000e\000r\000f\000l\000\344\000c\000h\000e}{}% 4
\BOOKMARK [2][-]{subsection.2.1}{\376\377\000D\000e\000s\000i\000g\000n}{section.2}% 5
\BOOKMARK [2][-]{subsection.2.2}{\376\377\000F\000u\000n\000k\000t\000i\000o\000n\000e\000n}{section.2}% 6
\BOOKMARK [1][-]{section.3}{\376\377\000P\000h\000y\000s\000i\000k\000a\000l\000i\000s\000c\000h\000e\000\040\000G\000r\000u\000n\000d\000l\000a\000g\000e\000n}{}% 7
\BOOKMARK [2][-]{subsection.3.1}{\376\377\000E\000l\000a\000s\000t\000i\000s\000c\000h\000e\000\040\000K\000o\000l\000l\000i\000s\000i\000o\000n}{section.3}% 8
\BOOKMARK [2][-]{subsection.3.2}{\376\377\000I\000m\000p\000u\000l\000s\000\040\000u\000n\000d\000\040\000I\000m\000p\000u\000l\000s\000e\000r\000h\000a\000l\000t\000u\000n\000g\000s\000s\000a\000t\000z}{section.3}% 9
\BOOKMARK [2][-]{subsection.3.3}{\376\377\000\334\000b\000e\000r\000l\000a\000p\000p\000u\000n\000g}{section.3}% 10
\BOOKMARK [2][-]{subsection.3.4}{\376\377\000E\000f\000f\000e\000t}{section.3}% 11
\BOOKMARK [1][-]{section.4}{\376\377\000A\000l\000g\000o\000r\000i\000t\000h\000m\000e\000n\000\040\000z\000u\000r\000\040\000K\000o\000l\000l\000i\000s\000i\000o\000n\000s\000d\000e\000t\000e\000k\000t\000i\000o\000n}{}% 12
\BOOKMARK [2][-]{subsection.4.1}{\376\377\000B\000r\000u\000t\000e\000f\000o\000r\000c\000e}{section.4}% 13
\BOOKMARK [3][-]{subsubsection.4.1.1}{\376\377\000F\000u\000n\000k\000t\000i\000o\000n}{subsection.4.1}% 14
\BOOKMARK [2][-]{subsection.4.2}{\376\377\000Q\000u\000a\000d\000-\000T\000r\000e\000e}{section.4}% 15
\BOOKMARK [1][-]{section.5}{\376\377\000V\000i\000s\000u\000a\000l\000i\000s\000i\000e\000r\000u\000n\000g\000e\000n\000\040\000u\000n\000d\000\040\000D\000e\000m\000o\000n\000s\000t\000r\000a\000t\000i\000o\000n\000e\000n}{}% 16
\BOOKMARK [2][-]{subsection.5.1}{\376\377\000V\000e\000k\000t\000o\000r\000e\000n\000r\000i\000c\000h\000t\000u\000n\000g\000s\000-\000D\000a\000r\000s\000t\000e\000l\000l\000u\000n\000g}{section.5}% 17
\BOOKMARK [2][-]{subsection.5.2}{\376\377\000T\000u\000n\000n\000e\000l\000i\000n\000g\000-\000D\000e\000m\000o\000n\000s\000t\000r\000a\000t\000i\000o\000n}{section.5}% 18
\BOOKMARK [2][-]{subsection.5.3}{\376\377\000I\000m\000p\000u\000l\000s\000-\000D\000e\000m\000o\000n\000s\000t\000r\000a\000t\000i\000o\000n}{section.5}% 19
\BOOKMARK [2][-]{subsection.5.4}{\376\377\000E\000f\000f\000e\000t}{section.5}% 20
\BOOKMARK [1][-]{section.6}{\376\377\000F\000a\000z\000i\000t}{}% 21
